<?xml version="1.0" encoding="UTF-8"?>
<!-- Generated by org.testng.reporters.JUnitReportReporter -->
<testsuite hostname="LAPTOP-GEIVF1FS" failures="0" tests="3" name="TestNG.ToLearnTestNg" time="0.009" errors="0" timestamp="2024-10-17T13:05:25 IST" skipped="0">
  <testcase classname="TestNG.ToLearnTestNg" name="Sample" time="0.007">
    <system-out>
      <![CDATA[sample test case executed]]>
    </system-out>
  </testcase> <!-- Sample -->
  <testcase classname="TestNG.ToLearnTestNg" name="add" time="0.001">
    <system-out>
      <![CDATA[add testcase executed]]>
    </system-out>
  </testcase> <!-- add -->
  <testcase classname="TestNG.ToLearnTestNg" name="demo" time="0.001">
    <system-out>
      <![CDATA[demo testcase executed]]>
    </system-out>
  </testcase> <!-- demo -->
  <system-out>
    <![CDATA[sample test case executed
add testcase executed
demo testcase executed]]>
  </system-out>
</testsuite> <!-- TestNG.ToLearnTestNg -->
