<?xml version="1.0" encoding="UTF-8"?>
<!-- Generated by org.testng.reporters.JUnitReportReporter -->
<testsuite hostname="LAPTOP-GEIVF1FS" failures="0" tests="1" name="assertions.JavaConditions" time="9.967" errors="0" timestamp="2024-10-23T13:31:55 IST" skipped="0">
  <testcase classname="assertions.JavaConditions" name="login" time="9.967">
    <system-out>
      <![CDATA[welcome page is displayed
login page is displayed
home page is displayed]]>
    </system-out>
  </testcase> <!-- login -->
  <system-out>
    <![CDATA[welcome page is displayed
login page is displayed
home page is displayed]]>
  </system-out>
</testsuite> <!-- assertions.JavaConditions -->
