<?xml version="1.0" encoding="UTF-8"?>
<!-- Generated by org.testng.reporters.JUnitReportReporter -->
<testsuite hostname="LAPTOP-GEIVF1FS" failures="0" tests="1" name="cars.Audi" time="7.744" errors="0" timestamp="2024-10-18T13:57:40 IST" skipped="0">
  <testcase classname="cars.Audi" name="launch" time="7.744">
    <system-out>
      <![CDATA[Audi launched succesfull]]>
    </system-out>
  </testcase> <!-- launch -->
  <system-out>
    <![CDATA[Audi launched succesfull
ferrari launched succesfull]]>
  </system-out>
</testsuite> <!-- cars.Audi -->
