<?xml version="1.0" encoding="UTF-8"?>
<!-- Generated by org.testng.reporters.JUnitReportReporter -->
<testsuite hostname="LAPTOP-GEIVF1FS" failures="0" tests="1" name="bikes.Ducati" time="12.598" errors="0" timestamp="2024-10-19T11:27:24 IST" skipped="0">
  <testcase classname="bikes.Ducati" name="launch" time="12.598">
    <system-out>
      <![CDATA[Ducati launched succesfull]]>
    </system-out>
  </testcase> <!-- launch -->
  <system-out>
    <![CDATA[Ducati launched succesfull]]>
  </system-out>
</testsuite> <!-- bikes.Ducati -->
