<?xml version="1.0" encoding="UTF-8"?>
<!-- Generated by org.testng.reporters.JUnitReportReporter -->
<testsuite hostname="LAPTOP-GEIVF1FS" failures="0" tests="8" name="TestNG.Assignment" time="0.018" errors="0" timestamp="2024-10-17T21:39:18 IST" skipped="0">
  <testcase classname="TestNG.Assignment" name="createAccount" time="0.009">
    <system-out>
      <![CDATA[Account Created Successfully]]>
    </system-out>
  </testcase> <!-- createAccount -->
  <testcase classname="TestNG.Assignment" name="createAccount" time="0.000">
    <system-out>
      <![CDATA[Account Created Successfully]]>
    </system-out>
  </testcase> <!-- createAccount -->
  <testcase classname="TestNG.Assignment" name="createAccount" time="0.002">
    <system-out>
      <![CDATA[Account Created Successfully]]>
    </system-out>
  </testcase> <!-- createAccount -->
  <testcase classname="TestNG.Assignment" name="createAccount" time="0.001">
    <system-out>
      <![CDATA[Account Created Successfully]]>
    </system-out>
  </testcase> <!-- createAccount -->
  <testcase classname="TestNG.Assignment" name="editAccount" time="0.001">
    <system-out>
      <![CDATA[Account edited]]>
    </system-out>
  </testcase> <!-- editAccount -->
  <testcase classname="TestNG.Assignment" name="editAccount" time="0.001">
    <system-out>
      <![CDATA[Account edited]]>
    </system-out>
  </testcase> <!-- editAccount -->
  <testcase classname="TestNG.Assignment" name="editAccount" time="0.003">
    <system-out>
      <![CDATA[Account edited]]>
    </system-out>
  </testcase> <!-- editAccount -->
  <testcase classname="TestNG.Assignment" name="deleteAccount" time="0.001">
    <system-out>
      <![CDATA[Account deleted]]>
    </system-out>
  </testcase> <!-- deleteAccount -->
  <system-out>
    <![CDATA[Account Created Successfully
Account Created Successfully
Account Created Successfully
Account Created Successfully
Account edited
Account edited
Account edited
Account deleted]]>
  </system-out>
</testsuite> <!-- TestNG.Assignment -->
