<?xml version="1.0" encoding="UTF-8"?>
<!-- Generated by org.testng.reporters.JUnitReportReporter -->
<testsuite hostname="LAPTOP-GEIVF1FS" failures="0" tests="5" name="TestNG.AnnotationAttributes" time="24.778" errors="0" timestamp="2024-10-17T13:57:44 IST" skipped="0">
  <testcase classname="TestNG.AnnotationAttributes" name="register" time="6.004">
    <system-out>
      <![CDATA[Register is successfull]]>
    </system-out>
  </testcase> <!-- register -->
  <testcase classname="TestNG.AnnotationAttributes" name="register" time="5.553">
    <system-out>
      <![CDATA[Register is successfull]]>
    </system-out>
  </testcase> <!-- register -->
  <testcase classname="TestNG.AnnotationAttributes" name="register" time="4.792">
    <system-out>
      <![CDATA[Register is successfull]]>
    </system-out>
  </testcase> <!-- register -->
  <testcase classname="TestNG.AnnotationAttributes" name="register" time="4.339">
    <system-out>
      <![CDATA[Register is successfull]]>
    </system-out>
  </testcase> <!-- register -->
  <testcase classname="TestNG.AnnotationAttributes" name="login" time="4.090">
    <system-out>
      <![CDATA[login is successfull]]>
    </system-out>
  </testcase> <!-- login -->
  <system-out>
    <![CDATA[Register is successfull
Register is successfull
Register is successfull
Register is successfull
login is successfull]]>
  </system-out>
</testsuite> <!-- TestNG.AnnotationAttributes -->
