<?xml version="1.0" encoding="UTF-8"?>
<!-- Generated by org.testng.reporters.JUnitReportReporter -->
<testsuite hostname="LAPTOP-GEIVF1FS" failures="0" tests="1" name="bikes.Honda" time="5.997" errors="0" timestamp="2024-10-19T11:27:41 IST" skipped="0">
  <testcase classname="bikes.Honda" name="launch" time="5.997">
    <system-out>
      <![CDATA[Honda launched succesfull]]>
    </system-out>
  </testcase> <!-- launch -->
  <system-out>
    <![CDATA[Honda launched succesfull]]>
  </system-out>
</testsuite> <!-- bikes.Honda -->
