<?xml version="1.0" encoding="UTF-8"?>
<!-- Generated by org.testng.reporters.JUnitReportReporter -->
<testsuite hostname="LAPTOP-GEIVF1FS" failures="0" tests="1" name="cars.TataMotors" time="4.853" errors="0" timestamp="2024-10-18T13:38:50 IST" skipped="0">
  <testcase classname="cars.TataMotors" name="launch" time="4.853">
    <system-out>
      <![CDATA[tata motors launched succesfull]]>
    </system-out>
  </testcase> <!-- launch -->
  <system-out>
    <![CDATA[tata motors launched succesfull
ferrari launched succesfull
RollsRoyce launched succesfull]]>
  </system-out>
</testsuite> <!-- cars.TataMotors -->
