<?xml version="1.0" encoding="UTF-8"?>
<!-- Generated by org.testng.reporters.JUnitReportReporter -->
<testsuite hostname="LAPTOP-GEIVF1FS" failures="0" tests="1" name="cars.Rollsroyce" time="9.697" errors="0" timestamp="2024-10-18T13:58:38 IST" skipped="0">
  <testcase classname="cars.Rollsroyce" name="launch" time="9.697">
    <system-out>
      <![CDATA[RollsRoyce launched succesfull]]>
    </system-out>
  </testcase> <!-- launch -->
  <system-out>
    <![CDATA[RollsRoyce launched succesfull]]>
  </system-out>
</testsuite> <!-- cars.Rollsroyce -->
