<?xml version="1.0" encoding="UTF-8"?>
<!-- Generated by org.testng.reporters.JUnitReportReporter -->
<testsuite hostname="LAPTOP-GEIVF1FS" failures="0" tests="1" name="cars.ferrari" time="8.537" errors="0" timestamp="2024-10-18T13:57:40 IST" skipped="0">
  <testcase classname="cars.ferrari" name="launch" time="8.537">
    <system-out>
      <![CDATA[ferrari launched succesfull]]>
    </system-out>
  </testcase> <!-- launch -->
  <system-out>
    <![CDATA[Audi launched succesfull
ferrari launched succesfull]]>
  </system-out>
</testsuite> <!-- cars.ferrari -->
