<?xml version="1.0" encoding="UTF-8"?>
<!-- Generated by org.testng.reporters.JUnitReportReporter -->
<testsuite hostname="LAPTOP-GEIVF1FS" failures="0" tests="3" name="TestNG.Testscript" time="13.229" errors="0" timestamp="2024-10-26T08:54:35 IST" skipped="0">
  <testcase classname="TestNG.Testscript" name="clickOnBooks" time="3.654">
    <system-out>
      <![CDATA[Books page displayed]]>
    </system-out>
  </testcase> <!-- clickOnBooks -->
  <testcase classname="TestNG.Testscript" name="clickOnBooks" time="4.709">
    <system-out>
      <![CDATA[Books page displayed]]>
    </system-out>
  </testcase> <!-- clickOnBooks -->
  <testcase classname="TestNG.Testscript" name="clickOnBooks" time="4.866">
    <system-out>
      <![CDATA[Books page displayed]]>
    </system-out>
  </testcase> <!-- clickOnBooks -->
  <system-out>
    <![CDATA[Books page displayed
Books page displayed
Books page displayed]]>
  </system-out>
</testsuite> <!-- TestNG.Testscript -->
