<?xml version="1.0" encoding="UTF-8"?>
<!-- Generated by org.testng.reporters.JUnitReportReporter -->
<testsuite hostname="LAPTOP-GEIVF1FS" failures="0" tests="3" name="crossbrowser.ToLearnCrossBrowserTesting" time="22.449" errors="0" timestamp="2024-10-25T14:04:20 IST" skipped="0">
  <testcase classname="crossbrowser.ToLearnCrossBrowserTesting" name="launch" time="8.593"/>
  <testcase classname="crossbrowser.ToLearnCrossBrowserTesting" name="launch" time="6.089"/>
  <testcase classname="crossbrowser.ToLearnCrossBrowserTesting" name="launch" time="7.767"/>
</testsuite> <!-- crossbrowser.ToLearnCrossBrowserTesting -->
